I0714 06:11:31.655159   24100 options.go:238] external host was not specified, using 192.168.77.91
I0714 06:11:31.656420   24100 server.go:184] Version: v1.32.5
I0714 06:11:31.656462   24100 server.go:186] "Golang settings" GOGC="" GOMAXPROCS="" GOTRACEBACK=""
I0714 06:11:31.831556   24100 shared_informer.go:313] Waiting for caches to sync for *generic.policySource[*k8s.io/api/admissionregistration/v1.ValidatingAdmissionPolicy,*k8s.io/api/admissionregistration/v1.ValidatingAdmissionPolicyBinding,k8s.io/apiserver/pkg/admission/plugin/policy/validating.Validator]
I0714 06:11:31.835204   24100 plugins.go:157] Loaded 11 mutating admission controller(s) successfully in the following order: NamespaceLifecycle,LimitRanger,TaintNodesByCondition,Priority,DefaultTolerationSeconds,DefaultStorageClass,StorageObjectInUseProtection,RuntimeClass,DefaultIngressClass,MutatingAdmissionPolicy,MutatingAdmissionWebhook.
I0714 06:11:31.835227   24100 plugins.go:160] Loaded 12 validating admission controller(s) successfully in the following order: LimitRanger,PodSecurity,Priority,PersistentVolumeClaimResize,RuntimeClass,CertificateApproval,CertificateSigning,ClusterTrustBundleAttest,CertificateSubjectRestriction,ValidatingAdmissionPolicy,ValidatingAdmissionWebhook,ResourceQuota.
I0714 06:11:31.835371   24100 instance.go:233] Using reconciler: lease
E0714 06:11:31.837044   24100 processstarttime.go:40] Could not get process start time, could not read "/proc": stat /proc: no such file or directory
I0714 06:11:31.838924   24100 handler.go:286] Adding GroupVersion apiextensions.k8s.io v1 to ResourceManager
W0714 06:11:31.838950   24100 genericapiserver.go:799] Skipping API apiextensions.k8s.io/v1beta1 because it has no resources.
I0714 06:11:31.854629   24100 handler.go:286] Adding GroupVersion  v1 to ResourceManager
I0714 06:11:31.854737   24100 apis.go:106] API group "internal.apiserver.k8s.io" is not enabled, skipping.
I0714 06:11:31.863589   24100 apis.go:106] API group "storagemigration.k8s.io" is not enabled, skipping.
I0714 06:11:31.868309   24100 apis.go:106] API group "resource.k8s.io" is not enabled, skipping.
I0714 06:11:31.874360   24100 handler.go:286] Adding GroupVersion authentication.k8s.io v1 to ResourceManager
W0714 06:11:31.874383   24100 genericapiserver.go:799] Skipping API authentication.k8s.io/v1beta1 because it has no resources.
W0714 06:11:31.874389   24100 genericapiserver.go:799] Skipping API authentication.k8s.io/v1alpha1 because it has no resources.
I0714 06:11:31.874545   24100 handler.go:286] Adding GroupVersion authorization.k8s.io v1 to ResourceManager
W0714 06:11:31.874552   24100 genericapiserver.go:799] Skipping API authorization.k8s.io/v1beta1 because it has no resources.
I0714 06:11:31.874819   24100 handler.go:286] Adding GroupVersion autoscaling v2 to ResourceManager
I0714 06:11:31.875091   24100 handler.go:286] Adding GroupVersion autoscaling v1 to ResourceManager
W0714 06:11:31.875096   24100 genericapiserver.go:799] Skipping API autoscaling/v2beta1 because it has no resources.
W0714 06:11:31.875100   24100 genericapiserver.go:799] Skipping API autoscaling/v2beta2 because it has no resources.
I0714 06:11:31.875551   24100 handler.go:286] Adding GroupVersion batch v1 to ResourceManager
W0714 06:11:31.875556   24100 genericapiserver.go:799] Skipping API batch/v1beta1 because it has no resources.
I0714 06:11:31.875816   24100 handler.go:286] Adding GroupVersion certificates.k8s.io v1 to ResourceManager
W0714 06:11:31.875820   24100 genericapiserver.go:799] Skipping API certificates.k8s.io/v1beta1 because it has no resources.
W0714 06:11:31.875824   24100 genericapiserver.go:799] Skipping API certificates.k8s.io/v1alpha1 because it has no resources.
I0714 06:11:31.875993   24100 handler.go:286] Adding GroupVersion coordination.k8s.io v1 to ResourceManager
W0714 06:11:31.876000   24100 genericapiserver.go:799] Skipping API coordination.k8s.io/v1beta1 because it has no resources.
W0714 06:11:31.876004   24100 genericapiserver.go:799] Skipping API coordination.k8s.io/v1alpha2 because it has no resources.
I0714 06:11:31.876171   24100 handler.go:286] Adding GroupVersion discovery.k8s.io v1 to ResourceManager
W0714 06:11:31.876192   24100 genericapiserver.go:799] Skipping API discovery.k8s.io/v1beta1 because it has no resources.
I0714 06:11:31.876634   24100 handler.go:286] Adding GroupVersion networking.k8s.io v1 to ResourceManager
W0714 06:11:31.876639   24100 genericapiserver.go:799] Skipping API networking.k8s.io/v1beta1 because it has no resources.
W0714 06:11:31.876641   24100 genericapiserver.go:799] Skipping API networking.k8s.io/v1alpha1 because it has no resources.
I0714 06:11:31.876763   24100 handler.go:286] Adding GroupVersion node.k8s.io v1 to ResourceManager
W0714 06:11:31.876767   24100 genericapiserver.go:799] Skipping API node.k8s.io/v1beta1 because it has no resources.
W0714 06:11:31.876770   24100 genericapiserver.go:799] Skipping API node.k8s.io/v1alpha1 because it has no resources.
I0714 06:11:31.877019   24100 handler.go:286] Adding GroupVersion policy v1 to ResourceManager
W0714 06:11:31.877022   24100 genericapiserver.go:799] Skipping API policy/v1beta1 because it has no resources.
I0714 06:11:31.877561   24100 handler.go:286] Adding GroupVersion rbac.authorization.k8s.io v1 to ResourceManager
W0714 06:11:31.877565   24100 genericapiserver.go:799] Skipping API rbac.authorization.k8s.io/v1beta1 because it has no resources.
W0714 06:11:31.877568   24100 genericapiserver.go:799] Skipping API rbac.authorization.k8s.io/v1alpha1 because it has no resources.
I0714 06:11:31.877708   24100 handler.go:286] Adding GroupVersion scheduling.k8s.io v1 to ResourceManager
W0714 06:11:31.877713   24100 genericapiserver.go:799] Skipping API scheduling.k8s.io/v1beta1 because it has no resources.
W0714 06:11:31.877715   24100 genericapiserver.go:799] Skipping API scheduling.k8s.io/v1alpha1 because it has no resources.
I0714 06:11:31.878336   24100 handler.go:286] Adding GroupVersion storage.k8s.io v1 to ResourceManager
W0714 06:11:31.878340   24100 genericapiserver.go:799] Skipping API storage.k8s.io/v1beta1 because it has no resources.
W0714 06:11:31.878342   24100 genericapiserver.go:799] Skipping API storage.k8s.io/v1alpha1 because it has no resources.
I0714 06:11:31.878688   24100 handler.go:286] Adding GroupVersion flowcontrol.apiserver.k8s.io v1 to ResourceManager
W0714 06:11:31.878692   24100 genericapiserver.go:799] Skipping API flowcontrol.apiserver.k8s.io/v1beta3 because it has no resources.
W0714 06:11:31.878694   24100 genericapiserver.go:799] Skipping API flowcontrol.apiserver.k8s.io/v1beta2 because it has no resources.
W0714 06:11:31.878697   24100 genericapiserver.go:799] Skipping API flowcontrol.apiserver.k8s.io/v1beta1 because it has no resources.
I0714 06:11:31.879920   24100 handler.go:286] Adding GroupVersion apps v1 to ResourceManager
W0714 06:11:31.879924   24100 genericapiserver.go:799] Skipping API apps/v1beta2 because it has no resources.
W0714 06:11:31.879927   24100 genericapiserver.go:799] Skipping API apps/v1beta1 because it has no resources.
I0714 06:11:31.880512   24100 handler.go:286] Adding GroupVersion admissionregistration.k8s.io v1 to ResourceManager
W0714 06:11:31.880515   24100 genericapiserver.go:799] Skipping API admissionregistration.k8s.io/v1beta1 because it has no resources.
W0714 06:11:31.880518   24100 genericapiserver.go:799] Skipping API admissionregistration.k8s.io/v1alpha1 because it has no resources.
I0714 06:11:31.880684   24100 handler.go:286] Adding GroupVersion events.k8s.io v1 to ResourceManager
W0714 06:11:31.880688   24100 genericapiserver.go:799] Skipping API events.k8s.io/v1beta1 because it has no resources.
I0714 06:11:31.882471   24100 handler.go:286] Adding GroupVersion apiregistration.k8s.io v1 to ResourceManager
W0714 06:11:31.882477   24100 genericapiserver.go:799] Skipping API apiregistration.k8s.io/v1beta1 because it has no resources.
I0714 06:11:32.020239   24100 dynamic_cafile_content.go:161] "Starting controller" name="client-ca-bundle::/var/folders/kg/ntkr8sns1rb42s2c5dtpzqfc0000gn/T/k8s_test_framework_979505124/client-cert-auth-ca.crt"
I0714 06:11:32.020332   24100 dynamic_serving_content.go:135] "Starting controller" name="serving-cert::/var/folders/kg/ntkr8sns1rb42s2c5dtpzqfc0000gn/T/k8s_test_framework_979505124/apiserver.crt::/var/folders/kg/ntkr8sns1rb42s2c5dtpzqfc0000gn/T/k8s_test_framework_979505124/apiserver.key"
I0714 06:11:32.020435   24100 tlsconfig.go:243] "Starting DynamicServingCertificateController"
I0714 06:11:32.020454   24100 secure_serving.go:213] Serving securely on 127.0.0.1:64116
I0714 06:11:32.020476   24100 controller.go:78] Starting OpenAPI AggregationController
I0714 06:11:32.020977   24100 gc_controller.go:78] Starting apiserver lease garbage collector
I0714 06:11:32.021213   24100 controller.go:119] Starting legacy_token_tracking_controller
I0714 06:11:32.021222   24100 shared_informer.go:313] Waiting for caches to sync for configmaps
I0714 06:11:32.021246   24100 remote_available_controller.go:433] Starting RemoteAvailability controller
I0714 06:11:32.021252   24100 cache.go:32] Waiting for caches to sync for RemoteAvailability controller
I0714 06:11:32.021950   24100 system_namespaces_controller.go:66] Starting system namespaces controller
I0714 06:11:32.022213   24100 controller.go:80] Starting OpenAPI V3 AggregationController
I0714 06:11:32.022232   24100 aggregator.go:169] waiting for initial CRD sync...
I0714 06:11:32.022262   24100 apf_controller.go:377] Starting API Priority and Fairness config controller
I0714 06:11:32.022425   24100 cluster_authentication_trust_controller.go:462] Starting cluster_authentication_trust_controller controller
I0714 06:11:32.022432   24100 shared_informer.go:313] Waiting for caches to sync for cluster_authentication_trust_controller
I0714 06:11:32.022550   24100 apiservice_controller.go:100] Starting APIServiceRegistrationController
I0714 06:11:32.022556   24100 cache.go:32] Waiting for caches to sync for APIServiceRegistrationController controller
I0714 06:11:32.022585   24100 customresource_discovery_controller.go:292] Starting DiscoveryController
I0714 06:11:32.020980   24100 local_available_controller.go:156] Starting LocalAvailability controller
I0714 06:11:32.022625   24100 cache.go:32] Waiting for caches to sync for LocalAvailability controller
I0714 06:11:32.022710   24100 crdregistration_controller.go:115] Starting crd-autoregister controller
I0714 06:11:32.022715   24100 shared_informer.go:313] Waiting for caches to sync for crd-autoregister
I0714 06:11:32.022789   24100 controller.go:142] Starting OpenAPI controller
I0714 06:11:32.023001   24100 controller.go:90] Starting OpenAPI V3 controller
I0714 06:11:32.023408   24100 naming_controller.go:294] Starting NamingConditionController
I0714 06:11:32.023434   24100 establishing_controller.go:81] Starting EstablishingController
I0714 06:11:32.023473   24100 nonstructuralschema_controller.go:195] Starting NonStructuralSchemaConditionController
I0714 06:11:32.023485   24100 apiapproval_controller.go:189] Starting KubernetesAPIApprovalPolicyConformantConditionController
I0714 06:11:32.023518   24100 crd_finalizer.go:269] Starting CRDFinalizer
I0714 06:11:32.022880   24100 dynamic_cafile_content.go:161] "Starting controller" name="client-ca-bundle::/var/folders/kg/ntkr8sns1rb42s2c5dtpzqfc0000gn/T/k8s_test_framework_979505124/client-cert-auth-ca.crt"
E0714 06:11:32.096213   24100 controller.go:145] "Failed to ensure lease exists, will retry" err="namespaces \"kube-system\" not found" interval="200ms"
I0714 06:11:32.121966   24100 cache.go:39] Caches are synced for RemoteAvailability controller
I0714 06:11:32.122018   24100 shared_informer.go:320] Caches are synced for configmaps
I0714 06:11:32.122278   24100 apf_controller.go:382] Running API Priority and Fairness config worker
I0714 06:11:32.122288   24100 apf_controller.go:385] Running API Priority and Fairness periodic rebalancing process
I0714 06:11:32.122465   24100 shared_informer.go:320] Caches are synced for cluster_authentication_trust_controller
I0714 06:11:32.122565   24100 cache.go:39] Caches are synced for APIServiceRegistrationController controller
I0714 06:11:32.122587   24100 handler_discovery.go:451] Starting ResourceDiscoveryManager
I0714 06:11:32.122679   24100 cache.go:39] Caches are synced for LocalAvailability controller
I0714 06:11:32.122751   24100 shared_informer.go:320] Caches are synced for crd-autoregister
I0714 06:11:32.122766   24100 aggregator.go:171] initial CRD sync complete...
I0714 06:11:32.122772   24100 autoregister_controller.go:144] Starting autoregister controller
I0714 06:11:32.122776   24100 cache.go:32] Waiting for caches to sync for autoregister controller
I0714 06:11:32.122780   24100 cache.go:39] Caches are synced for autoregister controller
I0714 06:11:32.131754   24100 shared_informer.go:320] Caches are synced for *generic.policySource[*k8s.io/api/admissionregistration/v1.ValidatingAdmissionPolicy,*k8s.io/api/admissionregistration/v1.ValidatingAdmissionPolicyBinding,k8s.io/apiserver/pkg/admission/plugin/policy/validating.Validator]
I0714 06:11:32.131785   24100 policy_source.go:240] refreshing policies
E0714 06:11:32.174366   24100 controller.go:148] "Unhandled Error" err="while syncing ConfigMap \"kube-system/kube-apiserver-legacy-service-account-token-tracking\", err: namespaces \"kube-system\" not found" logger="UnhandledError"
I0714 06:11:32.223321   24100 controller.go:615] quota admission added evaluator for: namespaces
I0714 06:11:32.298039   24100 controller.go:615] quota admission added evaluator for: leases.coordination.k8s.io
I0714 06:11:33.028032   24100 storage_scheduling.go:95] created PriorityClass system-node-critical with value 2000001000
I0714 06:11:33.030812   24100 storage_scheduling.go:95] created PriorityClass system-cluster-critical with value 2000000000
I0714 06:11:33.030865   24100 storage_scheduling.go:111] all system priority classes are created successfully or already exist.
I0714 06:11:33.372812   24100 controller.go:615] quota admission added evaluator for: roles.rbac.authorization.k8s.io
I0714 06:11:33.381313   24100 controller.go:615] quota admission added evaluator for: rolebindings.rbac.authorization.k8s.io
I0714 06:11:33.429920   24100 alloc.go:330] "allocated clusterIPs" service="default/kubernetes" clusterIPs={"IPv4":"10.0.0.1"}
W0714 06:11:33.432512   24100 lease.go:265] Resetting endpoints for master service "kubernetes" to [192.168.77.91]
I0714 06:11:33.433856   24100 controller.go:615] quota admission added evaluator for: endpoints
I0714 06:11:33.438322   24100 controller.go:615] quota admission added evaluator for: endpointslices.discovery.k8s.io
I0714 06:11:33.893797   24100 handler.go:286] Adding GroupVersion addons.cluster.x-k8s.io v1beta1 to ResourceManager
I0714 06:11:33.928379   24100 handler.go:286] Adding GroupVersion cluster.x-k8s.io v1beta1 to ResourceManager
I0714 06:11:34.016354   24100 handler.go:286] Adding GroupVersion bootstrap.cluster.x-k8s.io v1beta1 to ResourceManager
I0714 06:11:34.057105   24100 handler.go:286] Adding GroupVersion cluster.x-k8s.io v1beta1 to ResourceManager
I0714 06:11:34.078202   24100 handler.go:286] Adding GroupVersion addons.cluster.x-k8s.io v1beta1 to ResourceManager
I0714 06:11:34.083570   24100 handler.go:286] Adding GroupVersion runtime.cluster.x-k8s.io v1alpha1 to ResourceManager
I0714 06:11:34.108553   24100 handler.go:286] Adding GroupVersion cluster.x-k8s.io v1beta1 to ResourceManager
I0714 06:11:34.186026   24100 handler.go:286] Adding GroupVersion bootstrap.cluster.x-k8s.io v1beta1 to ResourceManager
I0714 06:11:34.283890   24100 handler.go:286] Adding GroupVersion controlplane.cluster.x-k8s.io v1beta1 to ResourceManager
I0714 06:11:34.576640   24100 handler.go:286] Adding GroupVersion cluster.x-k8s.io v1beta1 to ResourceManager
I0714 06:11:34.591366   24100 handler.go:286] Adding GroupVersion ipam.cluster.x-k8s.io v1alpha1 to ResourceManager
I0714 06:11:34.591420   24100 handler.go:286] Adding GroupVersion ipam.cluster.x-k8s.io v1beta1 to ResourceManager
I0714 06:11:34.656037   24100 handler.go:286] Adding GroupVersion cluster.x-k8s.io v1beta1 to ResourceManager
I0714 06:11:34.663426   24100 handler.go:286] Adding GroupVersion ipam.cluster.x-k8s.io v1alpha1 to ResourceManager
I0714 06:11:34.663488   24100 handler.go:286] Adding GroupVersion ipam.cluster.x-k8s.io v1beta1 to ResourceManager
I0714 06:11:34.675250   24100 handler.go:286] Adding GroupVersion cluster.x-k8s.io v1beta1 to ResourceManager
I0714 06:11:34.715372   24100 handler.go:286] Adding GroupVersion cluster.x-k8s.io v1beta1 to ResourceManager
I0714 06:11:34.931198   24100 handler.go:286] Adding GroupVersion cluster.x-k8s.io v1beta1 to ResourceManager
I0714 06:11:35.059747   24100 handler.go:286] Adding GroupVersion controlplane.cluster.x-k8s.io v1beta1 to ResourceManager
I0714 06:11:37.906587   24100 handler.go:286] Adding GroupVersion infrastructure.cluster.x-k8s.io v1beta1 to ResourceManager
I0714 06:11:37.947543   24100 handler.go:286] Adding GroupVersion infrastructure.cluster.x-k8s.io v1beta1 to ResourceManager
I0714 06:11:37.972234   24100 handler.go:286] Adding GroupVersion infrastructure.cluster.x-k8s.io v1beta1 to ResourceManager
I0714 06:11:37.985410   24100 handler.go:286] Adding GroupVersion infrastructure.cluster.x-k8s.io v1beta1 to ResourceManager
I0714 06:11:37.992818   24100 handler.go:286] Adding GroupVersion infrastructure.cluster.x-k8s.io v1beta1 to ResourceManager
I0714 06:11:37.996096   24100 handler.go:286] Adding GroupVersion infrastructure.cluster.x-k8s.io v1beta1 to ResourceManager
I0714 06:11:38.000609   24100 handler.go:286] Adding GroupVersion infrastructure.cluster.x-k8s.io v1beta1 to ResourceManager
I0714 06:11:42.629615   24100 controller.go:615] quota admission added evaluator for: clusters.cluster.x-k8s.io
I0714 06:11:42.669487   24100 controller.go:615] quota admission added evaluator for: gcpclusters.infrastructure.cluster.x-k8s.io
I0714 06:15:40.412615   24100 controller.go:615] quota admission added evaluator for: gcpmachines.infrastructure.cluster.x-k8s.io
I0714 06:15:40.435824   24100 controller.go:615] quota admission added evaluator for: machines.cluster.x-k8s.io
I0714 06:36:11.263799   24100 controller.go:128] Shutting down kubernetes service endpoint reconciler
W0714 06:36:11.266691   24100 lease.go:265] Resetting endpoints for master service "kubernetes" to []
I0714 06:36:11.272865   24100 controller.go:157] Shutting down quota evaluator
I0714 06:36:11.272895   24100 controller.go:176] quota evaluator worker shutdown
I0714 06:36:11.272922   24100 controller.go:176] quota evaluator worker shutdown
I0714 06:36:11.272941   24100 crd_finalizer.go:281] Shutting down CRDFinalizer
I0714 06:36:11.272968   24100 controller.go:176] quota evaluator worker shutdown
I0714 06:36:11.272980   24100 controller.go:176] quota evaluator worker shutdown
I0714 06:36:11.272985   24100 controller.go:176] quota evaluator worker shutdown
I0714 06:36:11.272958   24100 controller.go:84] Shutting down OpenAPI AggregationController
I0714 06:36:11.273314   24100 remote_available_controller.go:449] Shutting down RemoteAvailability controller
I0714 06:36:11.273575   24100 nonstructuralschema_controller.go:207] Shutting down NonStructuralSchemaConditionController
I0714 06:36:11.273609   24100 apiapproval_controller.go:201] Shutting down KubernetesAPIApprovalPolicyConformantConditionController
I0714 06:36:11.273663   24100 dynamic_cafile_content.go:175] "Shutting down controller" name="client-ca-bundle::/var/folders/kg/ntkr8sns1rb42s2c5dtpzqfc0000gn/T/k8s_test_framework_979505124/client-cert-auth-ca.crt"
I0714 06:36:11.273671   24100 establishing_controller.go:92] Shutting down EstablishingController
I0714 06:36:11.273810   24100 gc_controller.go:91] Shutting down apiserver lease garbage collector
I0714 06:36:11.274145   24100 naming_controller.go:305] Shutting down NamingConditionController
I0714 06:36:11.273871   24100 cluster_authentication_trust_controller.go:485] Shutting down cluster_authentication_trust_controller controller
I0714 06:36:11.274140   24100 dynamic_cafile_content.go:175] "Shutting down controller" name="client-ca-bundle::/var/folders/kg/ntkr8sns1rb42s2c5dtpzqfc0000gn/T/k8s_test_framework_979505124/client-cert-auth-ca.crt"
I0714 06:36:11.274213   24100 controller.go:120] Shutting down OpenAPI V3 controller
I0714 06:36:11.274280   24100 object_count_tracker.go:151] "StorageObjectCountTracker pruner is exiting"
I0714 06:36:11.274296   24100 controller.go:86] Shutting down OpenAPI V3 AggregationController
I0714 06:36:11.274710   24100 controller.go:170] Shutting down OpenAPI controller
I0714 06:36:11.274768   24100 tlsconfig.go:258] "Shutting down DynamicServingCertificateController"
I0714 06:36:11.274886   24100 storage_flowcontrol.go:172] APF bootstrap ensurer is exiting
I0714 06:36:11.274952   24100 crdregistration_controller.go:146] Shutting down crd-autoregister controller
I0714 06:36:11.274942   24100 dynamic_serving_content.go:149] "Shutting down controller" name="serving-cert::/var/folders/kg/ntkr8sns1rb42s2c5dtpzqfc0000gn/T/k8s_test_framework_979505124/apiserver.crt::/var/folders/kg/ntkr8sns1rb42s2c5dtpzqfc0000gn/T/k8s_test_framework_979505124/apiserver.key"
I0714 06:36:11.275002   24100 local_available_controller.go:172] Shutting down LocalAvailability controller
I0714 06:36:11.275062   24100 customresource_discovery_controller.go:328] Shutting down DiscoveryController
I0714 06:36:11.275106   24100 system_namespaces_controller.go:76] Shutting down system namespaces controller
I0714 06:36:11.275122   24100 autoregister_controller.go:168] Shutting down autoregister controller
I0714 06:36:11.274836   24100 apiservice_controller.go:134] Shutting down APIServiceRegistrationController
I0714 06:36:11.275234   24100 secure_serving.go:258] Stopped listening on 127.0.0.1:64116
I0714 06:36:11.275245   24100 controller.go:132] Ending legacy_token_tracking_controller
I0714 06:36:11.275252   24100 controller.go:133] Shutting down legacy_token_tracking_controller
I0714 06:36:11.275041   24100 apf_controller.go:389] Shutting down API Priority and Fairness config worker
